CRITICAL - 2023-05-05 01:31:29 --> Unmatched '}'
in APPPATH\Controllers\Home.php on line 22.
 1 SYSTEMPATH\Autoloader\Autoloader.php(289): CodeIgniter\Autoloader\Autoloader->includeFile('C:\\laragonDW\\www\\desarrolocode\\app\\Controllers\\Home.php')
 2 SYSTEMPATH\Autoloader\Autoloader.php(267): CodeIgniter\Autoloader\Autoloader->loadInNamespace('App\\Controllers\\Home')
 3 [internal function]: CodeIgniter\Autoloader\Autoloader->loadClass('App\\Controllers\\Home')
 4 SYSTEMPATH\CodeIgniter.php(892): class_exists('\\App\\Controllers\\Home', true)
 5 SYSTEMPATH\CodeIgniter.php(486): CodeIgniter\CodeIgniter->startController()
 6 SYSTEMPATH\CodeIgniter.php(368): CodeIgniter\CodeIgniter->handleRequest(null, Object(Config\Cache), false)
 7 FCPATH\index.php(67): CodeIgniter\CodeIgniter->run()
CRITICAL - 2023-05-05 01:31:34 --> Unmatched '}'
in APPPATH\Controllers\Home.php on line 22.
 1 SYSTEMPATH\Autoloader\Autoloader.php(289): CodeIgniter\Autoloader\Autoloader->includeFile('C:\\laragonDW\\www\\desarrolocode\\app\\Controllers\\Home.php')
 2 SYSTEMPATH\Autoloader\Autoloader.php(267): CodeIgniter\Autoloader\Autoloader->loadInNamespace('App\\Controllers\\Home')
 3 [internal function]: CodeIgniter\Autoloader\Autoloader->loadClass('App\\Controllers\\Home')
 4 SYSTEMPATH\CodeIgniter.php(892): class_exists('\\App\\Controllers\\Home', true)
 5 SYSTEMPATH\CodeIgniter.php(486): CodeIgniter\CodeIgniter->startController()
 6 SYSTEMPATH\CodeIgniter.php(368): CodeIgniter\CodeIgniter->handleRequest(null, Object(Config\Cache), false)
 7 FCPATH\index.php(67): CodeIgniter\CodeIgniter->run()
CRITICAL - 2023-05-05 01:31:39 --> Unmatched '}'
in APPPATH\Controllers\Home.php on line 22.
 1 SYSTEMPATH\Autoloader\Autoloader.php(289): CodeIgniter\Autoloader\Autoloader->includeFile('C:\\laragonDW\\www\\desarrolocode\\app\\Controllers\\Home.php')
 2 SYSTEMPATH\Autoloader\Autoloader.php(267): CodeIgniter\Autoloader\Autoloader->loadInNamespace('App\\Controllers\\Home')
 3 [internal function]: CodeIgniter\Autoloader\Autoloader->loadClass('App\\Controllers\\Home')
 4 SYSTEMPATH\CodeIgniter.php(892): class_exists('\\App\\Controllers\\Home', true)
 5 SYSTEMPATH\CodeIgniter.php(486): CodeIgniter\CodeIgniter->startController()
 6 SYSTEMPATH\CodeIgniter.php(368): CodeIgniter\CodeIgniter->handleRequest(null, Object(Config\Cache), false)
 7 FCPATH\index.php(67): CodeIgniter\CodeIgniter->run()
CRITICAL - 2023-05-05 01:51:49 --> Invalid file: "\app\Shield\Views\login.php"
in SYSTEMPATH\Exceptions\FrameworkException.php on line 33.
 1 SYSTEMPATH\View\View.php(201): CodeIgniter\Exceptions\FrameworkException::forInvalidFile('\\app\\Shield\\Views\\login.php')
 2 SYSTEMPATH\Common.php(1184): CodeIgniter\View\View->render('\\app\\Shield\\Views\\login', [], true)
 3 VENDORPATH\codeigniter4\shield\src\Traits\Viewable.php(16): view('\\app\\Shield\\Views\\login', [], [])
 4 VENDORPATH\codeigniter4\shield\src\Controllers\LoginController.php(38): CodeIgniter\Shield\Controllers\LoginController->view('\\app\\Shield\\Views\\login')
 5 SYSTEMPATH\CodeIgniter.php(934): CodeIgniter\Shield\Controllers\LoginController->loginView()
 6 SYSTEMPATH\CodeIgniter.php(499): CodeIgniter\CodeIgniter->runController(Object(CodeIgniter\Shield\Controllers\LoginController))
 7 SYSTEMPATH\CodeIgniter.php(368): CodeIgniter\CodeIgniter->handleRequest(null, Object(Config\Cache), false)
 8 FCPATH\index.php(67): CodeIgniter\CodeIgniter->run()
CRITICAL - 2023-05-05 01:54:23 --> Invalid file: "\codeIgniter\Shield\Views\login.php"
in SYSTEMPATH\Exceptions\FrameworkException.php on line 33.
 1 SYSTEMPATH\View\View.php(201): CodeIgniter\Exceptions\FrameworkException::forInvalidFile('\\codeIgniter\\Shield\\Views\\login.php')
 2 SYSTEMPATH\Common.php(1184): CodeIgniter\View\View->render('\\codeIgniter\\Shield\\Views\\login', [], true)
 3 VENDORPATH\codeigniter4\shield\src\Traits\Viewable.php(16): view('\\codeIgniter\\Shield\\Views\\login', [], [])
 4 VENDORPATH\codeigniter4\shield\src\Controllers\LoginController.php(38): CodeIgniter\Shield\Controllers\LoginController->view('\\codeIgniter\\Shield\\Views\\login')
 5 SYSTEMPATH\CodeIgniter.php(934): CodeIgniter\Shield\Controllers\LoginController->loginView()
 6 SYSTEMPATH\CodeIgniter.php(499): CodeIgniter\CodeIgniter->runController(Object(CodeIgniter\Shield\Controllers\LoginController))
 7 SYSTEMPATH\CodeIgniter.php(368): CodeIgniter\CodeIgniter->handleRequest(null, Object(Config\Cache), false)
 8 FCPATH\index.php(67): CodeIgniter\CodeIgniter->run()
CRITICAL - 2023-05-05 01:54:29 --> Invalid file: "\codeIgniter\Shield\Views\login.php"
in SYSTEMPATH\Exceptions\FrameworkException.php on line 33.
 1 SYSTEMPATH\View\View.php(201): CodeIgniter\Exceptions\FrameworkException::forInvalidFile('\\codeIgniter\\Shield\\Views\\login.php')
 2 SYSTEMPATH\Common.php(1184): CodeIgniter\View\View->render('\\codeIgniter\\Shield\\Views\\login', [], true)
 3 VENDORPATH\codeigniter4\shield\src\Traits\Viewable.php(16): view('\\codeIgniter\\Shield\\Views\\login', [], [])
 4 VENDORPATH\codeigniter4\shield\src\Controllers\LoginController.php(38): CodeIgniter\Shield\Controllers\LoginController->view('\\codeIgniter\\Shield\\Views\\login')
 5 SYSTEMPATH\CodeIgniter.php(934): CodeIgniter\Shield\Controllers\LoginController->loginView()
 6 SYSTEMPATH\CodeIgniter.php(499): CodeIgniter\CodeIgniter->runController(Object(CodeIgniter\Shield\Controllers\LoginController))
 7 SYSTEMPATH\CodeIgniter.php(368): CodeIgniter\CodeIgniter->handleRequest(null, Object(Config\Cache), false)
 8 FCPATH\index.php(67): CodeIgniter\CodeIgniter->run()
CRITICAL - 2023-05-05 01:54:43 --> Invalid file: "\codeIgniter\Shield\Views\login.php"
in SYSTEMPATH\Exceptions\FrameworkException.php on line 33.
 1 SYSTEMPATH\View\View.php(201): CodeIgniter\Exceptions\FrameworkException::forInvalidFile('\\codeIgniter\\Shield\\Views\\login.php')
 2 SYSTEMPATH\Common.php(1184): CodeIgniter\View\View->render('\\codeIgniter\\Shield\\Views\\login', [], true)
 3 VENDORPATH\codeigniter4\shield\src\Traits\Viewable.php(16): view('\\codeIgniter\\Shield\\Views\\login', [], [])
 4 VENDORPATH\codeigniter4\shield\src\Controllers\LoginController.php(38): CodeIgniter\Shield\Controllers\LoginController->view('\\codeIgniter\\Shield\\Views\\login')
 5 SYSTEMPATH\CodeIgniter.php(934): CodeIgniter\Shield\Controllers\LoginController->loginView()
 6 SYSTEMPATH\CodeIgniter.php(499): CodeIgniter\CodeIgniter->runController(Object(CodeIgniter\Shield\Controllers\LoginController))
 7 SYSTEMPATH\CodeIgniter.php(368): CodeIgniter\CodeIgniter->handleRequest(null, Object(Config\Cache), false)
 8 FCPATH\index.php(67): CodeIgniter\CodeIgniter->run()
CRITICAL - 2023-05-05 01:55:47 --> Invalid file: "\codeIgniter\Shield\Views\login.php"
in SYSTEMPATH\Exceptions\FrameworkException.php on line 33.
 1 SYSTEMPATH\View\View.php(201): CodeIgniter\Exceptions\FrameworkException::forInvalidFile('\\codeIgniter\\Shield\\Views\\login.php')
 2 SYSTEMPATH\Common.php(1184): CodeIgniter\View\View->render('\\codeIgniter\\Shield\\Views\\login', [], true)
 3 VENDORPATH\codeigniter4\shield\src\Traits\Viewable.php(16): view('\\codeIgniter\\Shield\\Views\\login', [], [])
 4 VENDORPATH\codeigniter4\shield\src\Controllers\LoginController.php(38): CodeIgniter\Shield\Controllers\LoginController->view('\\codeIgniter\\Shield\\Views\\login')
 5 SYSTEMPATH\CodeIgniter.php(934): CodeIgniter\Shield\Controllers\LoginController->loginView()
 6 SYSTEMPATH\CodeIgniter.php(499): CodeIgniter\CodeIgniter->runController(Object(CodeIgniter\Shield\Controllers\LoginController))
 7 SYSTEMPATH\CodeIgniter.php(368): CodeIgniter\CodeIgniter->handleRequest(null, Object(Config\Cache), false)
 8 FCPATH\index.php(67): CodeIgniter\CodeIgniter->run()
